<?xml version="1.0" encoding="UTF-8"?>
<!-- Generated by org.testng.reporters.JUnitReportReporter -->
<testsuite hostname="DESKTOP-PK38794" failures="0" tests="1" name="SumValidation" time="2.768" errors="0" timestamp="2022-01-04T19:44:29 IST" skipped="0">
  <testcase classname="SumValidation" name="sumOfCourses" time="2.768"/>
  <system-out/>
</testsuite> <!-- SumValidation -->
