<?xml version="1.0" encoding="UTF-8"?>
<!-- Generated by org.testng.reporters.JUnitReportReporter -->
<testsuite hostname="DESKTOP-PK38794" failures="0" tests="3" name="files.DynamicJson" time="3.749" errors="0" timestamp="2022-01-06T10:12:38 IST" skipped="0">
  <testcase classname="files.DynamicJson" name="Deletebook" time="3.417"/>
  <system-out/>
  <testcase classname="files.DynamicJson" name="Deletebook" time="0.182"/>
  <system-out/>
  <testcase classname="files.DynamicJson" name="Deletebook" time="0.150"/>
  <system-out/>
</testsuite> <!-- files.DynamicJson -->
